<?xml version="1.0" encoding="UTF-8"?>
<testsuite name="com.packtpublishing.tddjava.ch03tictactoe.TicTacToeSpec" tests="10" skipped="0" failures="0" errors="0" timestamp="2018-05-01T05:50:59" hostname="u18a" time="0.105">
  <properties/>
  <testcase name="whenPlayAndWholeHorizontalLineThenWinner" classname="com.packtpublishing.tddjava.ch03tictactoe.TicTacToeSpec" time="0.02"/>
  <testcase name="whenYoutsideBoardTheRuntimeException" classname="com.packtpublishing.tddjava.ch03tictactoe.TicTacToeSpec" time="0.012"/>
  <testcase name="whenPlayAndBottomTopDiagonalLisneThenWinner" classname="com.packtpublishing.tddjava.ch03tictactoe.TicTacToeSpec" time="0.015"/>
  <testcase name="whenOccupiedThenRuntimeExceptoin" classname="com.packtpublishing.tddjava.ch03tictactoe.TicTacToeSpec" time="0.009"/>
  <testcase name="whenXoutsideBoardThenRuntimeException" classname="com.packtpublishing.tddjava.ch03tictactoe.TicTacToeSpec" time="0.001"/>
  <testcase name="whenPlayAndWholeVerticalLineTheWinner" classname="com.packtpublishing.tddjava.ch03tictactoe.TicTacToeSpec" time="0.01"/>
  <testcase name="whenPlayAndTopBottomDiagonalLisneThenWinner" classname="com.packtpublishing.tddjava.ch03tictactoe.TicTacToeSpec" time="0.003"/>
  <testcase name="giveFirstTureWhenNextPlayerThenX" classname="com.packtpublishing.tddjava.ch03tictactoe.TicTacToeSpec" time="0.0"/>
  <testcase name="whenAllBoxesAreFilledThenDraw" classname="com.packtpublishing.tddjava.ch03tictactoe.TicTacToeSpec" time="0.015"/>
  <testcase name="whenPlayThenNoWinner" classname="com.packtpublishing.tddjava.ch03tictactoe.TicTacToeSpec" time="0.001"/>
  <system-out><![CDATA[   <=== myDebug !!!===>TicTacToeSpec()
   <=== myDebug !!!===>TicTacToe()
   <=== myDebug !!!===>whenPlayAndWholeHorizontalLineThenWinner()!!!
   <=== myDebug !!!===>paly(x = 1, y = 1)
   <=== myDebug !!!===>checkAxis()
   <=== myDebug !!!===>checkAxis()
   <=== myDebug !!!===>paly(x = 1, y = 2)
   <=== myDebug !!!===>checkAxis()
   <=== myDebug !!!===>checkAxis()
   <=== myDebug !!!===>paly(x = 2, y = 1)
   <=== myDebug !!!===>checkAxis()
   <=== myDebug !!!===>checkAxis()
   <=== myDebug !!!===>paly(x = 2, y = 2)
   <=== myDebug !!!===>checkAxis()
   <=== myDebug !!!===>checkAxis()
   <=== myDebug !!!===>paly(x = 3, y = 1)
   <=== myDebug !!!===>checkAxis()
   <=== myDebug !!!===>checkAxis()
   <=== myDebug !!!===>TicTacToeSpec()
   <=== myDebug !!!===>TicTacToe()
   <=== myDebug !!!===>paly(x = 2, y = 51)
   <=== myDebug !!!===>checkAxis()
   <=== myDebug !!!===>checkAxis()
   <=== myDebug !!!===>TicTacToeSpec()
   <=== myDebug !!!===>TicTacToe()
   <=== myDebug !!!===>whenPlayAndBottomTopDiagonalLisneThenWinner()
   <=== myDebug !!!===>paly(x = 1, y = 3)
   <=== myDebug !!!===>checkAxis()
   <=== myDebug !!!===>checkAxis()
   <=== myDebug !!!===>paly(x = 1, y = 1)
   <=== myDebug !!!===>checkAxis()
   <=== myDebug !!!===>checkAxis()
   <=== myDebug !!!===>paly(x = 2, y = 2)
   <=== myDebug !!!===>checkAxis()
   <=== myDebug !!!===>checkAxis()
   <=== myDebug !!!===>paly(x = 1, y = 2)
   <=== myDebug !!!===>checkAxis()
   <=== myDebug !!!===>checkAxis()
   <=== myDebug !!!===>paly(x = 3, y = 1)
   <=== myDebug !!!===>checkAxis()
   <=== myDebug !!!===>checkAxis()
   <=== myDebug !!!===>TicTacToeSpec()
   <=== myDebug !!!===>TicTacToe()
   <=== myDebug !!!===>paly(x = 2, y = 1)
   <=== myDebug !!!===>checkAxis()
   <=== myDebug !!!===>checkAxis()
   <=== myDebug !!!===>paly(x = 2, y = 1)
   <=== myDebug !!!===>checkAxis()
   <=== myDebug !!!===>checkAxis()
   <=== myDebug !!!===>TicTacToeSpec()
   <=== myDebug !!!===>TicTacToe()
   <=== myDebug !!!===>paly(x = 51, y = 2)
   <=== myDebug !!!===>checkAxis()
   <=== myDebug !!!===>TicTacToeSpec()
   <=== myDebug !!!===>TicTacToe()
   <=== myDebug !!!===>whenPlayAndWholeVerticalLineTheWinner()
   <=== myDebug !!!===>paly(x = 2, y = 1)
   <=== myDebug !!!===>checkAxis()
   <=== myDebug !!!===>checkAxis()
   <=== myDebug !!!===>paly(x = 1, y = 1)
   <=== myDebug !!!===>checkAxis()
   <=== myDebug !!!===>checkAxis()
   <=== myDebug !!!===>paly(x = 3, y = 1)
   <=== myDebug !!!===>checkAxis()
   <=== myDebug !!!===>checkAxis()
   <=== myDebug !!!===>paly(x = 1, y = 2)
   <=== myDebug !!!===>checkAxis()
   <=== myDebug !!!===>checkAxis()
   <=== myDebug !!!===>paly(x = 2, y = 2)
   <=== myDebug !!!===>checkAxis()
   <=== myDebug !!!===>checkAxis()
   <=== myDebug !!!===>paly(x = 1, y = 3)
   <=== myDebug !!!===>checkAxis()
   <=== myDebug !!!===>checkAxis()
   <=== myDebug !!!===>TicTacToeSpec()
   <=== myDebug !!!===>TicTacToe()
   <=== myDebug !!!===>whenPlayAndTopBottomDiagonalLisneThenWinner()
   <=== myDebug !!!===>paly(x = 1, y = 1)
   <=== myDebug !!!===>checkAxis()
   <=== myDebug !!!===>checkAxis()
   <=== myDebug !!!===>paly(x = 1, y = 2)
   <=== myDebug !!!===>checkAxis()
   <=== myDebug !!!===>checkAxis()
   <=== myDebug !!!===>paly(x = 2, y = 2)
   <=== myDebug !!!===>checkAxis()
   <=== myDebug !!!===>checkAxis()
   <=== myDebug !!!===>paly(x = 1, y = 3)
   <=== myDebug !!!===>checkAxis()
   <=== myDebug !!!===>checkAxis()
   <=== myDebug !!!===>paly(x = 3, y = 3)
   <=== myDebug !!!===>checkAxis()
   <=== myDebug !!!===>checkAxis()
   <=== myDebug !!!===>TicTacToeSpec()
   <=== myDebug !!!===>TicTacToe()
   <=== myDebug !!!===>TicTacToeSpec()
   <=== myDebug !!!===>TicTacToe()
   <=== myDebug !!!===>whenAllBoxesAreFilledThenDraw()
   <=== myDebug !!!===>paly(x = 1, y = 1)
   <=== myDebug !!!===>checkAxis()
   <=== myDebug !!!===>checkAxis()
   <=== myDebug !!!===>paly(x = 1, y = 2)
   <=== myDebug !!!===>checkAxis()
   <=== myDebug !!!===>checkAxis()
   <=== myDebug !!!===>paly(x = 1, y = 3)
   <=== myDebug !!!===>checkAxis()
   <=== myDebug !!!===>checkAxis()
   <=== myDebug !!!===>paly(x = 2, y = 1)
   <=== myDebug !!!===>checkAxis()
   <=== myDebug !!!===>checkAxis()
   <=== myDebug !!!===>paly(x = 2, y = 3)
   <=== myDebug !!!===>checkAxis()
   <=== myDebug !!!===>checkAxis()
   <=== myDebug !!!===>paly(x = 2, y = 2)
   <=== myDebug !!!===>checkAxis()
   <=== myDebug !!!===>checkAxis()
   <=== myDebug !!!===>paly(x = 3, y = 1)
   <=== myDebug !!!===>checkAxis()
   <=== myDebug !!!===>checkAxis()
   <=== myDebug !!!===>paly(x = 3, y = 3)
   <=== myDebug !!!===>checkAxis()
   <=== myDebug !!!===>checkAxis()
   <=== myDebug !!!===>paly(x = 3, y = 2)
   <=== myDebug !!!===>checkAxis()
   <=== myDebug !!!===>checkAxis()
   <=== myDebug !!!===>TicTacToeSpec()
   <=== myDebug !!!===>TicTacToe()
   <=== myDebug !!!===>paly(x = 1, y = 1)
   <=== myDebug !!!===>checkAxis()
   <=== myDebug !!!===>checkAxis()
]]></system-out>
  <system-err><![CDATA[]]></system-err>
</testsuite>
